[debug] [2025-01-25T14:07:20.576Z] ----------------------------------------------------------------------
[debug] [2025-01-25T14:07:20.579Z] Command:       C:\Program Files\nodejs\node.exe C:\Users\hsc\AppData\Roaming\npm\node_modules\firebase-tools\lib\bin\firebase.js init
[debug] [2025-01-25T14:07:20.579Z] CLI Version:   13.29.2
[debug] [2025-01-25T14:07:20.579Z] Platform:      win32
[debug] [2025-01-25T14:07:20.580Z] Node Version:  v22.13.1
[debug] [2025-01-25T14:07:20.580Z] Time:          Sat Jan 25 2025 19:52:20 GMT+0545 (Nepal Time)
[debug] [2025-01-25T14:07:20.580Z] ----------------------------------------------------------------------
[debug] 
[debug] [2025-01-25T14:07:20.588Z] > command requires scopes: ["email","openid","https://www.googleapis.com/auth/cloudplatformprojects.readonly","https://www.googleapis.com/auth/firebase","https://www.googleapis.com/auth/cloud-platform"]
[debug] [2025-01-25T14:07:20.588Z] > authorizing via signed-in user (prajwalsmart888@gmail.com)
[info] 
     ######## #### ########  ######## ########     ###     ######  ########
     ##        ##  ##     ## ##       ##     ##  ##   ##  ##       ##
     ######    ##  ########  ######   ########  #########  ######  ######
     ##        ##  ##    ##  ##       ##     ## ##     ##       ## ##
     ##       #### ##     ## ######## ########  ##     ##  ######  ########

You're about to initialize a Firebase project in this directory:

  C:\Users\hsc\Desktop\blog\my-blog

[info] 
=== Project Setup
[info] 
[info] First, let's associate this project directory with a Firebase project.
[info] You can create multiple project aliases by running firebase use --add, 
[info] but for now we'll just set up a default project.
[info] 
[debug] [2025-01-25T14:08:18.353Z] Checked if tokens are valid: true, expires at: 1737817222616
[debug] [2025-01-25T14:08:18.354Z] Checked if tokens are valid: true, expires at: 1737817222616
[debug] [2025-01-25T14:08:18.357Z] >>> [apiv2][query] GET https://firebase.googleapis.com/v1beta1/projects pageSize=100
[debug] [2025-01-25T14:08:19.257Z] <<< [apiv2][status] GET https://firebase.googleapis.com/v1beta1/projects 200
[debug] [2025-01-25T14:08:19.257Z] <<< [apiv2][body] GET https://firebase.googleapis.com/v1beta1/projects [omitted]
[info] i  Using project mysite-73c4e (mysite) 
[info] 
=== Hosting Setup
[debug] [2025-01-25T14:08:26.253Z] Checked if tokens are valid: true, expires at: 1737817222616
[debug] [2025-01-25T14:08:26.253Z] Checked if tokens are valid: true, expires at: 1737817222616
[debug] [2025-01-25T14:08:26.254Z] >>> [apiv2][query] GET https://firebase.googleapis.com/v1beta1/projects/mysite-73c4e [none]
[debug] [2025-01-25T14:08:26.811Z] <<< [apiv2][status] GET https://firebase.googleapis.com/v1beta1/projects/mysite-73c4e 200
[debug] [2025-01-25T14:08:26.811Z] <<< [apiv2][body] GET https://firebase.googleapis.com/v1beta1/projects/mysite-73c4e {"projectId":"mysite-73c4e","projectNumber":"777126681223","displayName":"mysite","name":"projects/mysite-73c4e","resources":{"hostingSite":"mysite-73c4e","realtimeDatabaseInstance":"mysite-73c4e-default-rtdb","storageBucket":"mysite-73c4e.appspot.com","locationId":"asia-south1"},"state":"ACTIVE","etag":"1_ce307fd1-78f3-40b7-ac06-da9627d6ee0c"}
[info] 
[info] Your public directory is the folder (relative to your project directory) that
[info] will contain Hosting assets to be uploaded with firebase deploy. If you
[info] have a build process for your assets, use your build's output directory.
[info] 
[debug] [2025-01-25T14:09:59.420Z] >>> [apiv2][query] GET https://www.gstatic.com/firebasejs/releases.json [none]
[debug] [2025-01-25T14:10:00.134Z] <<< [apiv2][status] GET https://www.gstatic.com/firebasejs/releases.json 200
[debug] [2025-01-25T14:10:00.134Z] <<< [apiv2][body] GET https://www.gstatic.com/firebasejs/releases.json {"current":{"version":"11.2.0","browserURL":"https://www.gstatic.com/firebasejs/11.2.0/firebase.js","packageURL":"https://www.gstatic.com/firebasejs/11.2.0/firebase.tgz"},"live":{"version":"11.2","browserURL":"https://www.gstatic.com/firebasejs/live/11.2/firebase.js","packageURL":"https://www.gstatic.com/firebasejs/live/11.2/firebase.tgz"},"components":{"analytics":"https://www.gstatic.com/firebasejs/11.2.0/firebase-analytics.js","app":"https://www.gstatic.com/firebasejs/11.2.0/firebase-app.js","app-check":"https://www.gstatic.com/firebasejs/11.2.0/firebase-app-check.js","auth":"https://www.gstatic.com/firebasejs/11.2.0/firebase-auth.js","auth/cordova":"https://www.gstatic.com/firebasejs/11.2.0/firebase-auth/cordova.js","auth/web-extension":"https://www.gstatic.com/firebasejs/11.2.0/firebase-auth/web-extension.js","functions":"https://www.gstatic.com/firebasejs/11.2.0/firebase-functions.js","firestore":"https://www.gstatic.com/firebasejs/11.2.0/firebase-firestore.js","firestore/lite":"https://www.gstatic.com/firebasejs/11.2.0/firebase-firestore/lite.js","installations":"https://www.gstatic.com/firebasejs/11.2.0/firebase-installations.js","storage":"https://www.gstatic.com/firebasejs/11.2.0/firebase-storage.js","performance":"https://www.gstatic.com/firebasejs/11.2.0/firebase-performance.js","remote-config":"https://www.gstatic.com/firebasejs/11.2.0/firebase-remote-config.js","messaging":"https://www.gstatic.com/firebasejs/11.2.0/firebase-messaging.js","messaging/sw":"https://www.gstatic.com/firebasejs/11.2.0/firebase-messaging/sw.js","database":"https://www.gstatic.com/firebasejs/11.2.0/firebase-database.js","vertexai":"https://www.gstatic.com/firebasejs/11.2.0/firebase-vertexai.js","data-connect":"https://www.gstatic.com/firebasejs/11.2.0/firebase-data-connect.js","firestore.memory":"https://www.gstatic.com/firebasejs/11.2.0/firebase-firestore.memory.js"}}
[info] i  Skipping write of Build/index.html 
[info] 
[info] i  Detected a .git folder at C:\Users\hsc\Desktop\blog\my-blog 
[info] i  Authorizing with GitHub to upload your service account to a GitHub repository's secrets store. 
[info] 
[info] Visit this URL on this device to log in:
[info] https://github.com/login/oauth/authorize?client_id=89cf50f02ac6aaed3484&state=998509392&redirect_uri=http%3A%2F%2Flocalhost%3A9005&scope=read%3Auser%20repo%20public_repo
[info] 
[info] Waiting for authentication...
[debug] [2025-01-25T14:10:04.874Z] >>> [apiv2][query] POST https://github.com/login/oauth/access_token [none]
[debug] [2025-01-25T14:10:04.875Z] >>> [apiv2][body] POST https://github.com/login/oauth/access_token [stream]
[debug] [2025-01-25T14:10:07.701Z] <<< [apiv2][status] POST https://github.com/login/oauth/access_token 200
[debug] [2025-01-25T14:10:07.702Z] <<< [apiv2][body] POST https://github.com/login/oauth/access_token {"access_token":"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","token_type":"bearer","scope":"read:user,repo"}
[debug] [2025-01-25T14:10:07.708Z] >>> [apiv2][query] GET https://api.github.com/user [none]
[debug] [2025-01-25T14:10:36.324Z] *** [apiv2] error from fetch(https://api.github.com/user, {"headers":{},"method":"GET"}): FetchError: request to https://api.github.com/user failed, reason: socket hang up
[debug] [2025-01-25T14:10:36.587Z] FetchError: request to https://api.github.com/user failed, reason: socket hang up
    at ClientRequest.<anonymous> (C:\Users\hsc\AppData\Roaming\npm\node_modules\firebase-tools\node_modules\node-fetch\lib\index.js:1501:11)
    at ClientRequest.emit (node:events:524:28)
    at ClientRequest.emit (node:domain:489:12)
    at emitErrorEvent (node:_http_client:104:11)
    at TLSSocket.socketOnEnd (node:_http_client:542:5)
    at TLSSocket.emit (node:events:536:35)
    at TLSSocket.emit (node:domain:489:12)
    at endReadableNT (node:internal/streams/readable:1698:12)
    at process.processTicksAndRejections (node:internal/process/task_queues:90:21)
[error] 
[error] Error: Failed to make request to https://api.github.com/user
