[debug] [2025-01-25T14:00:10.222Z] ----------------------------------------------------------------------
[debug] [2025-01-25T14:00:10.225Z] Command:       C:\Program Files\nodejs\node.exe C:\Users\hsc\AppData\Roaming\npm\node_modules\firebase-tools\lib\bin\firebase.js init
[debug] [2025-01-25T14:00:10.225Z] CLI Version:   13.29.2
[debug] [2025-01-25T14:00:10.225Z] Platform:      win32
[debug] [2025-01-25T14:00:10.226Z] Node Version:  v22.13.1
[debug] [2025-01-25T14:00:10.226Z] Time:          Sat Jan 25 2025 19:45:10 GMT+0545 (Nepal Time)
[debug] [2025-01-25T14:00:10.226Z] ----------------------------------------------------------------------
[debug] 
[debug] [2025-01-25T14:00:10.234Z] > command requires scopes: ["email","openid","https://www.googleapis.com/auth/cloudplatformprojects.readonly","https://www.googleapis.com/auth/firebase","https://www.googleapis.com/auth/cloud-platform"]
[debug] [2025-01-25T14:00:10.235Z] > authorizing via signed-in user (prajwalsmart888@gmail.com)
[info] 
     ######## #### ########  ######## ########     ###     ######  ########
     ##        ##  ##     ## ##       ##     ##  ##   ##  ##       ##
     ######    ##  ########  ######   ########  #########  ######  ######
     ##        ##  ##    ##  ##       ##     ## ##     ##       ## ##
     ##       #### ##     ## ######## ########  ##     ##  ######  ########

You're about to initialize a Firebase project in this directory:

  C:\Users\hsc\Desktop\blog\my-blog

[info] 
=== Project Setup
[info] 
[info] First, let's associate this project directory with a Firebase project.
[info] You can create multiple project aliases by running firebase use --add, 
[info] but for now we'll just set up a default project.
[info] 
[debug] [2025-01-25T14:00:22.858Z] Checked if tokens are valid: false, expires at: 1722248827208
[debug] [2025-01-25T14:00:22.859Z] Checked if tokens are valid: false, expires at: 1722248827208
[debug] [2025-01-25T14:00:22.860Z] > refreshing access token with scopes: []
[debug] [2025-01-25T14:00:22.862Z] >>> [apiv2][query] POST https://www.googleapis.com/oauth2/v3/token [none]
[debug] [2025-01-25T14:00:22.862Z] >>> [apiv2][body] POST https://www.googleapis.com/oauth2/v3/token [omitted]
[debug] [2025-01-25T14:00:23.616Z] <<< [apiv2][status] POST https://www.googleapis.com/oauth2/v3/token 200
[debug] [2025-01-25T14:00:23.616Z] <<< [apiv2][body] POST https://www.googleapis.com/oauth2/v3/token [omitted]
[debug] [2025-01-25T14:00:23.625Z] >>> [apiv2][query] GET https://firebase.googleapis.com/v1beta1/projects pageSize=100
[debug] [2025-01-25T14:00:24.642Z] <<< [apiv2][status] GET https://firebase.googleapis.com/v1beta1/projects 200
[debug] [2025-01-25T14:00:24.642Z] <<< [apiv2][body] GET https://firebase.googleapis.com/v1beta1/projects [omitted]
[info] i  Using project mysite-73c4e (mysite) 
[info] 
=== Hosting Setup
[debug] [2025-01-25T14:00:32.526Z] Checked if tokens are valid: true, expires at: 1737817222616
[debug] [2025-01-25T14:00:32.526Z] Checked if tokens are valid: true, expires at: 1737817222616
[debug] [2025-01-25T14:00:32.526Z] >>> [apiv2][query] GET https://firebase.googleapis.com/v1beta1/projects/mysite-73c4e [none]
[debug] [2025-01-25T14:00:33.140Z] <<< [apiv2][status] GET https://firebase.googleapis.com/v1beta1/projects/mysite-73c4e 200
[debug] [2025-01-25T14:00:33.140Z] <<< [apiv2][body] GET https://firebase.googleapis.com/v1beta1/projects/mysite-73c4e {"projectId":"mysite-73c4e","projectNumber":"777126681223","displayName":"mysite","name":"projects/mysite-73c4e","resources":{"hostingSite":"mysite-73c4e","realtimeDatabaseInstance":"mysite-73c4e-default-rtdb","storageBucket":"mysite-73c4e.appspot.com","locationId":"asia-south1"},"state":"ACTIVE","etag":"1_ce307fd1-78f3-40b7-ac06-da9627d6ee0c"}
[info] 
[info] Your public directory is the folder (relative to your project directory) that
[info] will contain Hosting assets to be uploaded with firebase deploy. If you
[info] have a build process for your assets, use your build's output directory.
[info] 
[debug] [2025-01-25T14:02:00.048Z] >>> [apiv2][query] GET https://www.gstatic.com/firebasejs/releases.json [none]
[debug] [2025-01-25T14:02:00.299Z] <<< [apiv2][status] GET https://www.gstatic.com/firebasejs/releases.json 200
[debug] [2025-01-25T14:02:00.299Z] <<< [apiv2][body] GET https://www.gstatic.com/firebasejs/releases.json {"current":{"version":"11.2.0","browserURL":"https://www.gstatic.com/firebasejs/11.2.0/firebase.js","packageURL":"https://www.gstatic.com/firebasejs/11.2.0/firebase.tgz"},"live":{"version":"11.2","browserURL":"https://www.gstatic.com/firebasejs/live/11.2/firebase.js","packageURL":"https://www.gstatic.com/firebasejs/live/11.2/firebase.tgz"},"components":{"analytics":"https://www.gstatic.com/firebasejs/11.2.0/firebase-analytics.js","app":"https://www.gstatic.com/firebasejs/11.2.0/firebase-app.js","app-check":"https://www.gstatic.com/firebasejs/11.2.0/firebase-app-check.js","auth":"https://www.gstatic.com/firebasejs/11.2.0/firebase-auth.js","auth/cordova":"https://www.gstatic.com/firebasejs/11.2.0/firebase-auth/cordova.js","auth/web-extension":"https://www.gstatic.com/firebasejs/11.2.0/firebase-auth/web-extension.js","functions":"https://www.gstatic.com/firebasejs/11.2.0/firebase-functions.js","firestore":"https://www.gstatic.com/firebasejs/11.2.0/firebase-firestore.js","firestore/lite":"https://www.gstatic.com/firebasejs/11.2.0/firebase-firestore/lite.js","installations":"https://www.gstatic.com/firebasejs/11.2.0/firebase-installations.js","storage":"https://www.gstatic.com/firebasejs/11.2.0/firebase-storage.js","performance":"https://www.gstatic.com/firebasejs/11.2.0/firebase-performance.js","remote-config":"https://www.gstatic.com/firebasejs/11.2.0/firebase-remote-config.js","messaging":"https://www.gstatic.com/firebasejs/11.2.0/firebase-messaging.js","messaging/sw":"https://www.gstatic.com/firebasejs/11.2.0/firebase-messaging/sw.js","database":"https://www.gstatic.com/firebasejs/11.2.0/firebase-database.js","vertexai":"https://www.gstatic.com/firebasejs/11.2.0/firebase-vertexai.js","data-connect":"https://www.gstatic.com/firebasejs/11.2.0/firebase-data-connect.js","firestore.memory":"https://www.gstatic.com/firebasejs/11.2.0/firebase-firestore.memory.js"}}
[info] i  Skipping write of build/index.html 
[info] 
[info] i  Detected a .git folder at C:\Users\hsc\Desktop\blog\my-blog 
[info] i  Authorizing with GitHub to upload your service account to a GitHub repository's secrets store. 
[info] 
[info] Visit this URL on this device to log in:
[info] https://github.com/login/oauth/authorize?client_id=89cf50f02ac6aaed3484&state=896727283&redirect_uri=http%3A%2F%2Flocalhost%3A9005&scope=read%3Auser%20repo%20public_repo
[info] 
[info] Waiting for authentication...
[debug] [2025-01-25T14:05:54.110Z] >>> [apiv2][query] POST https://github.com/login/oauth/access_token [none]
[debug] [2025-01-25T14:05:54.110Z] >>> [apiv2][body] POST https://github.com/login/oauth/access_token [stream]
[debug] [2025-01-25T14:06:01.672Z] <<< [apiv2][status] POST https://github.com/login/oauth/access_token 200
[debug] [2025-01-25T14:06:01.672Z] <<< [apiv2][body] POST https://github.com/login/oauth/access_token {"access_token":"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","token_type":"bearer","scope":"read:user,repo"}
[debug] [2025-01-25T14:06:01.683Z] >>> [apiv2][query] GET https://api.github.com/user [none]
[debug] [2025-01-25T14:06:07.935Z] <<< [apiv2][status] GET https://api.github.com/user 200
[debug] [2025-01-25T14:06:07.936Z] <<< [apiv2][body] GET https://api.github.com/user {"login":"ImPrajwalAcharya","id":83149209,"node_id":"MDQ6VXNlcjgzMTQ5MjA5","avatar_url":"https://avatars.githubusercontent.com/u/83149209?v=4","gravatar_id":"","url":"https://api.github.com/users/ImPrajwalAcharya","html_url":"https://github.com/ImPrajwalAcharya","followers_url":"https://api.github.com/users/ImPrajwalAcharya/followers","following_url":"https://api.github.com/users/ImPrajwalAcharya/following{/other_user}","gists_url":"https://api.github.com/users/ImPrajwalAcharya/gists{/gist_id}","starred_url":"https://api.github.com/users/ImPrajwalAcharya/starred{/owner}{/repo}","subscriptions_url":"https://api.github.com/users/ImPrajwalAcharya/subscriptions","organizations_url":"https://api.github.com/users/ImPrajwalAcharya/orgs","repos_url":"https://api.github.com/users/ImPrajwalAcharya/repos","events_url":"https://api.github.com/users/ImPrajwalAcharya/events{/privacy}","received_events_url":"https://api.github.com/users/ImPrajwalAcharya/received_events","type":"User","user_view_type":"private","site_admin":false,"name":"Prajwal Acharya","company":null,"blog":"acharyaprajwal.com.np","location":"nepal","email":null,"hireable":null,"bio":null,"twitter_username":null,"notification_email":null,"public_repos":18,"public_gists":0,"followers":11,"following":8,"created_at":"2021-04-25T02:36:36Z","updated_at":"2025-01-22T17:53:09Z","private_gists":0,"total_private_repos":8,"owned_private_repos":8,"disk_usage":43201,"collaborators":0,"two_factor_authentication":false,"plan":{"name":"pro","space":976562499,"collaborators":0,"private_repos":9999}}
[info] 
[info] +  Success! Logged into GitHub as ImPrajwalAcharya 
[info] 
[debug] [2025-01-25T14:06:07.945Z] >>> [apiv2][query] GET https://api.github.com/repos//actions/secrets/public-key type=owner
[debug] [2025-01-25T14:06:09.072Z] <<< [apiv2][status] GET https://api.github.com/repos//actions/secrets/public-key 404
[debug] [2025-01-25T14:06:09.072Z] <<< [apiv2][body] GET https://api.github.com/repos//actions/secrets/public-key {"message":"Not Found","documentation_url":"https://docs.github.com/rest","status":"404"}
[info] 
[info] 
[error] !  The provided authorization cannot be used with this repository. If this repository is in an organization, did you remember to grant access? 
[info] 
[info] i  Action required: Visit this URL to ensure access has been granted to the appropriate organization(s) for the Firebase CLI GitHub OAuth App: 
[info] https://github.com/settings/connections/applications/89cf50f02ac6aaed3484
[info] 
[debug] [2025-01-25T14:06:31.038Z] >>> [apiv2][query] GET https://api.github.com/repos/ImPrajwalAcharya/my-blog/actions/secrets/public-key type=owner
[debug] [2025-01-25T14:06:32.223Z] <<< [apiv2][status] GET https://api.github.com/repos/ImPrajwalAcharya/my-blog/actions/secrets/public-key 200
[debug] [2025-01-25T14:06:32.224Z] <<< [apiv2][body] GET https://api.github.com/repos/ImPrajwalAcharya/my-blog/actions/secrets/public-key {"key_id":"3380204578043523366","key":"B0OIsUfOgS1XZn75kef1chMfY/2UtS8ZDANHv/KvEQ8="}
[debug] [2025-01-25T14:06:32.227Z] >>> [apiv2][query] GET https://api.github.com/repos/ImPrajwalAcharya/my-blog [none]
[debug] [2025-01-25T14:06:32.766Z] <<< [apiv2][status] GET https://api.github.com/repos/ImPrajwalAcharya/my-blog 200
[debug] [2025-01-25T14:06:32.766Z] <<< [apiv2][body] GET https://api.github.com/repos/ImPrajwalAcharya/my-blog {"id":922094251,"node_id":"R_kgDONvYKqw","name":"my-blog","full_name":"ImPrajwalAcharya/my-blog","private":false,"owner":{"login":"ImPrajwalAcharya","id":83149209,"node_id":"MDQ6VXNlcjgzMTQ5MjA5","avatar_url":"https://avatars.githubusercontent.com/u/83149209?v=4","gravatar_id":"","url":"https://api.github.com/users/ImPrajwalAcharya","html_url":"https://github.com/ImPrajwalAcharya","followers_url":"https://api.github.com/users/ImPrajwalAcharya/followers","following_url":"https://api.github.com/users/ImPrajwalAcharya/following{/other_user}","gists_url":"https://api.github.com/users/ImPrajwalAcharya/gists{/gist_id}","starred_url":"https://api.github.com/users/ImPrajwalAcharya/starred{/owner}{/repo}","subscriptions_url":"https://api.github.com/users/ImPrajwalAcharya/subscriptions","organizations_url":"https://api.github.com/users/ImPrajwalAcharya/orgs","repos_url":"https://api.github.com/users/ImPrajwalAcharya/repos","events_url":"https://api.github.com/users/ImPrajwalAcharya/events{/privacy}","received_events_url":"https://api.github.com/users/ImPrajwalAcharya/received_events","type":"User","user_view_type":"public","site_admin":false},"html_url":"https://github.com/ImPrajwalAcharya/my-blog","description":null,"fork":false,"url":"https://api.github.com/repos/ImPrajwalAcharya/my-blog","forks_url":"https://api.github.com/repos/ImPrajwalAcharya/my-blog/forks","keys_url":"https://api.github.com/repos/ImPrajwalAcharya/my-blog/keys{/key_id}","collaborators_url":"https://api.github.com/repos/ImPrajwalAcharya/my-blog/collaborators{/collaborator}","teams_url":"https://api.github.com/repos/ImPrajwalAcharya/my-blog/teams","hooks_url":"https://api.github.com/repos/ImPrajwalAcharya/my-blog/hooks","issue_events_url":"https://api.github.com/repos/ImPrajwalAcharya/my-blog/issues/events{/number}","events_url":"https://api.github.com/repos/ImPrajwalAcharya/my-blog/events","assignees_url":"https://api.github.com/repos/ImPrajwalAcharya/my-blog/assignees{/user}","branches_url":"https://api.github.com/repos/ImPrajwalAcharya/my-blog/branches{/branch}","tags_url":"https://api.github.com/repos/ImPrajwalAcharya/my-blog/tags","blobs_url":"https://api.github.com/repos/ImPrajwalAcharya/my-blog/git/blobs{/sha}","git_tags_url":"https://api.github.com/repos/ImPrajwalAcharya/my-blog/git/tags{/sha}","git_refs_url":"https://api.github.com/repos/ImPrajwalAcharya/my-blog/git/refs{/sha}","trees_url":"https://api.github.com/repos/ImPrajwalAcharya/my-blog/git/trees{/sha}","statuses_url":"https://api.github.com/repos/ImPrajwalAcharya/my-blog/statuses/{sha}","languages_url":"https://api.github.com/repos/ImPrajwalAcharya/my-blog/languages","stargazers_url":"https://api.github.com/repos/ImPrajwalAcharya/my-blog/stargazers","contributors_url":"https://api.github.com/repos/ImPrajwalAcharya/my-blog/contributors","subscribers_url":"https://api.github.com/repos/ImPrajwalAcharya/my-blog/subscribers","subscription_url":"https://api.github.com/repos/ImPrajwalAcharya/my-blog/subscription","commits_url":"https://api.github.com/repos/ImPrajwalAcharya/my-blog/commits{/sha}","git_commits_url":"https://api.github.com/repos/ImPrajwalAcharya/my-blog/git/commits{/sha}","comments_url":"https://api.github.com/repos/ImPrajwalAcharya/my-blog/comments{/number}","issue_comment_url":"https://api.github.com/repos/ImPrajwalAcharya/my-blog/issues/comments{/number}","contents_url":"https://api.github.com/repos/ImPrajwalAcharya/my-blog/contents/{+path}","compare_url":"https://api.github.com/repos/ImPrajwalAcharya/my-blog/compare/{base}...{head}","merges_url":"https://api.github.com/repos/ImPrajwalAcharya/my-blog/merges","archive_url":"https://api.github.com/repos/ImPrajwalAcharya/my-blog/{archive_format}{/ref}","downloads_url":"https://api.github.com/repos/ImPrajwalAcharya/my-blog/downloads","issues_url":"https://api.github.com/repos/ImPrajwalAcharya/my-blog/issues{/number}","pulls_url":"https://api.github.com/repos/ImPrajwalAcharya/my-blog/pulls{/number}","milestones_url":"https://api.github.com/repos/ImPrajwalAcharya/my-blog/milestones{/number}","notifications_url":"https://api.github.com/repos/ImPrajwalAcharya/my-blog/notifications{?since,all,participating}","labels_url":"https://api.github.com/repos/ImPrajwalAcharya/my-blog/labels{/name}","releases_url":"https://api.github.com/repos/ImPrajwalAcharya/my-blog/releases{/id}","deployments_url":"https://api.github.com/repos/ImPrajwalAcharya/my-blog/deployments","created_at":"2025-01-25T09:54:01Z","updated_at":"2025-01-25T10:23:50Z","pushed_at":"2025-01-25T10:25:02Z","git_url":"git://github.com/ImPrajwalAcharya/my-blog.git","ssh_url":"git@github.com:ImPrajwalAcharya/my-blog.git","clone_url":"https://github.com/ImPrajwalAcharya/my-blog.git","svn_url":"https://github.com/ImPrajwalAcharya/my-blog","homepage":null,"size":4642,"stargazers_count":0,"watchers_count":0,"language":"JavaScript","has_issues":true,"has_projects":true,"has_downloads":true,"has_wiki":true,"has_pages":true,"has_discussions":false,"forks_count":0,"mirror_url":null,"archived":false,"disabled":false,"open_issues_count":0,"license":null,"allow_forking":true,"is_template":false,"web_commit_signoff_required":false,"topics":[],"visibility":"public","forks":0,"open_issues":0,"watchers":0,"default_branch":"main","permissions":{"admin":true,"maintain":true,"push":true,"triage":true,"pull":true},"temp_clone_token":"","allow_squash_merge":true,"allow_merge_commit":true,"allow_rebase_merge":true,"allow_auto_merge":false,"delete_branch_on_merge":false,"allow_update_branch":false,"use_squash_pr_title_as_default":false,"squash_merge_commit_message":"COMMIT_MESSAGES","squash_merge_commit_title":"COMMIT_OR_PR_TITLE","merge_commit_message":"PR_TITLE","merge_commit_title":"MERGE_MESSAGE","security_and_analysis":{"secret_scanning":{"status":"enabled"},"secret_scanning_push_protection":{"status":"enabled"},"dependabot_security_updates":{"status":"disabled"},"secret_scanning_non_provider_patterns":{"status":"disabled"},"secret_scanning_validity_checks":{"status":"disabled"}},"network_count":0,"subscribers_count":1}
[debug] [2025-01-25T14:06:32.768Z] Checked if tokens are valid: true, expires at: 1737817222616
[debug] [2025-01-25T14:06:32.768Z] Checked if tokens are valid: true, expires at: 1737817222616
[debug] [2025-01-25T14:06:32.768Z] >>> [apiv2][query] POST https://iam.googleapis.com/v1/projects/mysite-73c4e/serviceAccounts [none]
[debug] [2025-01-25T14:06:32.768Z] >>> [apiv2][body] POST https://iam.googleapis.com/v1/projects/mysite-73c4e/serviceAccounts {"accountId":"github-action-922094251","serviceAccount":{"displayName":"GitHub Actions (ImPrajwalAcharya/my-blog)","description":"A service account with permission to deploy to Firebase Hosting and Cloud Functions for the GitHub repository ImPrajwalAcharya/my-blog"}}
[debug] [2025-01-25T14:06:35.048Z] <<< [apiv2][status] POST https://iam.googleapis.com/v1/projects/mysite-73c4e/serviceAccounts 200
[debug] [2025-01-25T14:06:35.049Z] <<< [apiv2][body] POST https://iam.googleapis.com/v1/projects/mysite-73c4e/serviceAccounts [omitted]
[debug] [2025-01-25T14:06:35.049Z] Checked if tokens are valid: true, expires at: 1737817222616
[debug] [2025-01-25T14:06:35.049Z] Checked if tokens are valid: true, expires at: 1737817222616
[debug] [2025-01-25T14:06:35.050Z] Checked if tokens are valid: true, expires at: 1737817222616
[debug] [2025-01-25T14:06:35.050Z] Checked if tokens are valid: true, expires at: 1737817222616
[debug] [2025-01-25T14:06:35.050Z] >>> [apiv2][query] GET https://iam.googleapis.com/v1/projects/mysite-73c4e/serviceAccounts/github-action-922094251@mysite-73c4e.iam.gserviceaccount.com [none]
[debug] [2025-01-25T14:06:35.051Z] >>> [apiv2][query] POST https://cloudresourcemanager.googleapis.com/v1/projects/mysite-73c4e:getIamPolicy [none]
[debug] [2025-01-25T14:06:35.473Z] <<< [apiv2][status] GET https://iam.googleapis.com/v1/projects/mysite-73c4e/serviceAccounts/github-action-922094251@mysite-73c4e.iam.gserviceaccount.com 200
[debug] [2025-01-25T14:06:35.474Z] <<< [apiv2][body] GET https://iam.googleapis.com/v1/projects/mysite-73c4e/serviceAccounts/github-action-922094251@mysite-73c4e.iam.gserviceaccount.com {"name":"projects/mysite-73c4e/serviceAccounts/github-action-922094251@mysite-73c4e.iam.gserviceaccount.com","projectId":"mysite-73c4e","uniqueId":"105561911382490422478","email":"github-action-922094251@mysite-73c4e.iam.gserviceaccount.com","displayName":"GitHub Actions (ImPrajwalAcharya/my-blog)","etag":"MDEwMjE5MjA=","description":"A service account with permission to deploy to Firebase Hosting and Cloud Functions for the GitHub repository ImPrajwalAcharya/my-blog","oauth2ClientId":"105561911382490422478"}
[debug] [2025-01-25T14:06:36.915Z] <<< [apiv2][status] POST https://cloudresourcemanager.googleapis.com/v1/projects/mysite-73c4e:getIamPolicy 200
[debug] [2025-01-25T14:06:36.915Z] <<< [apiv2][body] POST https://cloudresourcemanager.googleapis.com/v1/projects/mysite-73c4e:getIamPolicy {"version":1,"etag":"BwXzHD0xfeI=","bindings":[{"role":"roles/cloudfunctions.serviceAgent","members":["serviceAccount:service-777126681223@gcf-admin-robot.iam.gserviceaccount.com"]},{"role":"roles/editor","members":["serviceAccount:mysite-73c4e@appspot.gserviceaccount.com"]},{"role":"roles/firebase.managementServiceAgent","members":["serviceAccount:firebase-service-account@firebase-sa-management.iam.gserviceaccount.com","serviceAccount:service-777126681223@gcp-sa-firebase.iam.gserviceaccount.com"]},{"role":"roles/firebase.sdkAdminServiceAgent","members":["serviceAccount:firebase-adminsdk-u4qu6@mysite-73c4e.iam.gserviceaccount.com"]},{"role":"roles/firebasedatabase.admin","members":["serviceAccount:firebase-adminsdk-u4qu6@mysite-73c4e.iam.gserviceaccount.com"]},{"role":"roles/firebaserules.system","members":["serviceAccount:service-777126681223@firebase-rules.iam.gserviceaccount.com"]},{"role":"roles/firebasestorage.serviceAgent","members":["serviceAccount:service-777126681223@gcp-sa-firebasestorage.iam.gserviceaccount.com"]},{"role":"roles/firestore.serviceAgent","members":["serviceAccount:service-777126681223@gcp-sa-firestore.iam.gserviceaccount.com"]},{"role":"roles/iam.serviceAccountTokenCreator","members":["serviceAccount:firebase-adminsdk-u4qu6@mysite-73c4e.iam.gserviceaccount.com"]},{"role":"roles/owner","members":["user:prajwalsmart888@gmail.com"]},{"role":"roles/pubsub.serviceAgent","members":["serviceAccount:service-777126681223@gcp-sa-pubsub.iam.gserviceaccount.com"]},{"role":"roles/storage.admin","members":["serviceAccount:firebase-adminsdk-u4qu6@mysite-73c4e.iam.gserviceaccount.com"]}]}
[debug] [2025-01-25T14:06:36.916Z] Checked if tokens are valid: true, expires at: 1737817222616
[debug] [2025-01-25T14:06:36.916Z] Checked if tokens are valid: true, expires at: 1737817222616
[debug] [2025-01-25T14:06:36.916Z] >>> [apiv2][query] POST https://cloudresourcemanager.googleapis.com/v1/projects/mysite-73c4e:setIamPolicy [none]
[debug] [2025-01-25T14:06:36.916Z] >>> [apiv2][body] POST https://cloudresourcemanager.googleapis.com/v1/projects/mysite-73c4e:setIamPolicy {"policy":{"version":1,"etag":"BwXzHD0xfeI=","bindings":[{"role":"roles/cloudfunctions.serviceAgent","members":["serviceAccount:service-777126681223@gcf-admin-robot.iam.gserviceaccount.com"]},{"role":"roles/editor","members":["serviceAccount:mysite-73c4e@appspot.gserviceaccount.com"]},{"role":"roles/firebase.managementServiceAgent","members":["serviceAccount:firebase-service-account@firebase-sa-management.iam.gserviceaccount.com","serviceAccount:service-777126681223@gcp-sa-firebase.iam.gserviceaccount.com"]},{"role":"roles/firebase.sdkAdminServiceAgent","members":["serviceAccount:firebase-adminsdk-u4qu6@mysite-73c4e.iam.gserviceaccount.com"]},{"role":"roles/firebasedatabase.admin","members":["serviceAccount:firebase-adminsdk-u4qu6@mysite-73c4e.iam.gserviceaccount.com"]},{"role":"roles/firebaserules.system","members":["serviceAccount:service-777126681223@firebase-rules.iam.gserviceaccount.com"]},{"role":"roles/firebasestorage.serviceAgent","members":["serviceAccount:service-777126681223@gcp-sa-firebasestorage.iam.gserviceaccount.com"]},{"role":"roles/firestore.serviceAgent","members":["serviceAccount:service-777126681223@gcp-sa-firestore.iam.gserviceaccount.com"]},{"role":"roles/iam.serviceAccountTokenCreator","members":["serviceAccount:firebase-adminsdk-u4qu6@mysite-73c4e.iam.gserviceaccount.com"]},{"role":"roles/owner","members":["user:prajwalsmart888@gmail.com"]},{"role":"roles/pubsub.serviceAgent","members":["serviceAccount:service-777126681223@gcp-sa-pubsub.iam.gserviceaccount.com"]},{"role":"roles/storage.admin","members":["serviceAccount:firebase-adminsdk-u4qu6@mysite-73c4e.iam.gserviceaccount.com"]},{"role":"roles/firebaseauth.admin","members":["serviceAccount:github-action-922094251@mysite-73c4e.iam.gserviceaccount.com"]},{"role":"roles/serviceusage.serviceUsageConsumer","members":["serviceAccount:github-action-922094251@mysite-73c4e.iam.gserviceaccount.com"]},{"role":"roles/serviceusage.apiKeysViewer","members":["serviceAccount:github-action-922094251@mysite-73c4e.iam.gserviceaccount.com"]},{"role":"roles/firebasehosting.admin","members":["serviceAccount:github-action-922094251@mysite-73c4e.iam.gserviceaccount.com"]},{"role":"roles/run.viewer","members":["serviceAccount:github-action-922094251@mysite-73c4e.iam.gserviceaccount.com"]},{"role":"roles/cloudfunctions.developer","members":["serviceAccount:github-action-922094251@mysite-73c4e.iam.gserviceaccount.com"]}]},"updateMask":"bindings"}
[debug] [2025-01-25T14:06:38.159Z] <<< [apiv2][status] POST https://cloudresourcemanager.googleapis.com/v1/projects/mysite-73c4e:setIamPolicy 200
[debug] [2025-01-25T14:06:38.160Z] <<< [apiv2][body] POST https://cloudresourcemanager.googleapis.com/v1/projects/mysite-73c4e:setIamPolicy {"version":1,"etag":"BwYsiFo3bB4=","bindings":[{"role":"roles/cloudfunctions.developer","members":["serviceAccount:github-action-922094251@mysite-73c4e.iam.gserviceaccount.com"]},{"role":"roles/cloudfunctions.serviceAgent","members":["serviceAccount:service-777126681223@gcf-admin-robot.iam.gserviceaccount.com"]},{"role":"roles/editor","members":["serviceAccount:mysite-73c4e@appspot.gserviceaccount.com"]},{"role":"roles/firebase.managementServiceAgent","members":["serviceAccount:firebase-service-account@firebase-sa-management.iam.gserviceaccount.com","serviceAccount:service-777126681223@gcp-sa-firebase.iam.gserviceaccount.com"]},{"role":"roles/firebase.sdkAdminServiceAgent","members":["serviceAccount:firebase-adminsdk-u4qu6@mysite-73c4e.iam.gserviceaccount.com"]},{"role":"roles/firebaseauth.admin","members":["serviceAccount:github-action-922094251@mysite-73c4e.iam.gserviceaccount.com"]},{"role":"roles/firebasedatabase.admin","members":["serviceAccount:firebase-adminsdk-u4qu6@mysite-73c4e.iam.gserviceaccount.com"]},{"role":"roles/firebasehosting.admin","members":["serviceAccount:github-action-922094251@mysite-73c4e.iam.gserviceaccount.com"]},{"role":"roles/firebaserules.system","members":["serviceAccount:service-777126681223@firebase-rules.iam.gserviceaccount.com"]},{"role":"roles/firebasestorage.serviceAgent","members":["serviceAccount:service-777126681223@gcp-sa-firebasestorage.iam.gserviceaccount.com"]},{"role":"roles/firestore.serviceAgent","members":["serviceAccount:service-777126681223@gcp-sa-firestore.iam.gserviceaccount.com"]},{"role":"roles/iam.serviceAccountTokenCreator","members":["serviceAccount:firebase-adminsdk-u4qu6@mysite-73c4e.iam.gserviceaccount.com"]},{"role":"roles/owner","members":["user:prajwalsmart888@gmail.com"]},{"role":"roles/pubsub.serviceAgent","members":["serviceAccount:service-777126681223@gcp-sa-pubsub.iam.gserviceaccount.com"]},{"role":"roles/run.viewer","members":["serviceAccount:github-action-922094251@mysite-73c4e.iam.gserviceaccount.com"]},{"role":"roles/serviceusage.apiKeysViewer","members":["serviceAccount:github-action-922094251@mysite-73c4e.iam.gserviceaccount.com"]},{"role":"roles/serviceusage.serviceUsageConsumer","members":["serviceAccount:github-action-922094251@mysite-73c4e.iam.gserviceaccount.com"]},{"role":"roles/storage.admin","members":["serviceAccount:firebase-adminsdk-u4qu6@mysite-73c4e.iam.gserviceaccount.com"]}]}
[debug] [2025-01-25T14:06:38.160Z] Checked if tokens are valid: true, expires at: 1737817222616
[debug] [2025-01-25T14:06:38.160Z] Checked if tokens are valid: true, expires at: 1737817222616
[debug] [2025-01-25T14:06:38.160Z] >>> [apiv2][query] POST https://iam.googleapis.com/v1/projects/mysite-73c4e/serviceAccounts/github-action-922094251@mysite-73c4e.iam.gserviceaccount.com/keys [none]
[debug] [2025-01-25T14:06:38.160Z] >>> [apiv2][body] POST https://iam.googleapis.com/v1/projects/mysite-73c4e/serviceAccounts/github-action-922094251@mysite-73c4e.iam.gserviceaccount.com/keys {"keyAlgorithm":"KEY_ALG_UNSPECIFIED","privateKeyType":"TYPE_GOOGLE_CREDENTIALS_FILE"}
[debug] [2025-01-25T14:06:38.637Z] <<< [apiv2][status] POST https://iam.googleapis.com/v1/projects/mysite-73c4e/serviceAccounts/github-action-922094251@mysite-73c4e.iam.gserviceaccount.com/keys 404
[debug] [2025-01-25T14:06:38.638Z] <<< [apiv2][body] POST https://iam.googleapis.com/v1/projects/mysite-73c4e/serviceAccounts/github-action-922094251@mysite-73c4e.iam.gserviceaccount.com/keys {"error":{"code":404,"message":"Service account projects/mysite-73c4e/serviceAccounts/github-action-922094251@mysite-73c4e.iam.gserviceaccount.com does not exist.","status":"NOT_FOUND"}}
[debug] [2025-01-25T14:06:38.639Z] Checked if tokens are valid: true, expires at: 1737817222616
[debug] [2025-01-25T14:06:38.639Z] Checked if tokens are valid: true, expires at: 1737817222616
[debug] [2025-01-25T14:06:38.639Z] >>> [apiv2][query] GET https://iam.googleapis.com/v1/projects/mysite-73c4e/serviceAccounts/github-action-922094251@mysite-73c4e.iam.gserviceaccount.com/keys [none]
[debug] [2025-01-25T14:06:40.006Z] <<< [apiv2][status] GET https://iam.googleapis.com/v1/projects/mysite-73c4e/serviceAccounts/github-action-922094251@mysite-73c4e.iam.gserviceaccount.com/keys 200
[debug] [2025-01-25T14:06:40.006Z] <<< [apiv2][body] GET https://iam.googleapis.com/v1/projects/mysite-73c4e/serviceAccounts/github-action-922094251@mysite-73c4e.iam.gserviceaccount.com/keys {"keys":[{"name":"projects/mysite-73c4e/serviceAccounts/github-action-922094251@mysite-73c4e.iam.gserviceaccount.com/keys/4068547a035ca320efd5e56cf9fe9441924aa96b","validAfterTime":"2025-01-25T14:06:37Z","validBeforeTime":"2027-01-26T12:02:16Z","keyAlgorithm":"KEY_ALG_RSA_2048","keyOrigin":"GOOGLE_PROVIDED","keyType":"SYSTEM_MANAGED"}]}
[error] 
[error] Error: Request to https://iam.googleapis.com/v1/projects/mysite-73c4e/serviceAccounts/github-action-922094251@mysite-73c4e.iam.gserviceaccount.com/keys had HTTP Error: 404, Service account projects/mysite-73c4e/serviceAccounts/github-action-922094251@mysite-73c4e.iam.gserviceaccount.com does not exist.
[debug] [2025-01-25T14:06:40.304Z] Error Context: {
  "body": {
    "error": {
      "code": 404,
      "message": "Service account projects/mysite-73c4e/serviceAccounts/github-action-922094251@mysite-73c4e.iam.gserviceaccount.com does not exist.",
      "status": "NOT_FOUND"
    }
  },
  "response": {
    "statusCode": 404
  }
}
